[debug] [2025-09-01T10:45:59.981Z] ----------------------------------------------------------------------
[debug] [2025-09-01T10:45:59.983Z] Command:       C:\Program Files\nodejs\node.exe C:\Users\naathu\AppData\Roaming\npm\node_modules\firebase-tools\lib\bin\firebase.js init hosting
[debug] [2025-09-01T10:45:59.983Z] CLI Version:   14.15.1
[debug] [2025-09-01T10:45:59.984Z] Platform:      win32
[debug] [2025-09-01T10:45:59.984Z] Node Version:  v22.18.0
[debug] [2025-09-01T10:45:59.984Z] Time:          Mon Sep 01 2025 15:45:59 GMT+0500 (Maldives Time)
[debug] [2025-09-01T10:45:59.984Z] ----------------------------------------------------------------------
[debug] 
[debug] [2025-09-01T10:45:59.989Z] > command requires scopes: ["email","openid","https://www.googleapis.com/auth/cloudplatformprojects.readonly","https://www.googleapis.com/auth/firebase","https://www.googleapis.com/auth/cloud-platform"]
[debug] [2025-09-01T10:45:59.989Z] > authorizing via signed-in user (maakanaamv1@gmail.com)
[info] 
     ######## #### ########  ######## ########     ###     ######  ########
     ##        ##  ##     ## ##       ##     ##  ##   ##  ##       ##
     ######    ##  ########  ######   ########  #########  ######  ######
     ##        ##  ##    ##  ##       ##     ## ##     ##       ## ##
     ##       #### ##     ## ######## ########  ##     ##  ######  ########

You're about to initialize a Firebase project in this directory:

  C:\Users\naathu\Desktop\maain\pixelcanvas_full\pixelcanvas_full

[info] 
=== Project Setup
[info] 
[info] First, let's associate this project directory with a Firebase project.
[info] You can create multiple project aliases by running firebase use --add, 
[info] but for now we'll just set up a default project.
[info] 
[debug] [2025-09-01T10:46:02.136Z] Using project from CLI flag: pixelcanvas-808ff
[debug] [2025-09-01T10:46:02.137Z] Checked if tokens are valid: true, expires at: 1756726582381
[debug] [2025-09-01T10:46:02.137Z] Checked if tokens are valid: true, expires at: 1756726582381
[debug] [2025-09-01T10:46:02.138Z] >>> [apiv2][query] GET https://firebase.googleapis.com/v1beta1/projects/pixelcanvas-808ff [none]
[debug] [2025-09-01T10:46:02.908Z] <<< [apiv2][status] GET https://firebase.googleapis.com/v1beta1/projects/pixelcanvas-808ff 200
[debug] [2025-09-01T10:46:02.908Z] <<< [apiv2][body] GET https://firebase.googleapis.com/v1beta1/projects/pixelcanvas-808ff {"projectId":"pixelcanvas-808ff","projectNumber":"797850387625","displayName":"pixelcanvas","name":"projects/pixelcanvas-808ff","resources":{"hostingSite":"pixelcanvas-808ff"},"state":"ACTIVE","etag":"1_12175386-43cc-46ba-9f4e-84a2bb591ac6"}
[info] i  Using project pixelcanvas-808ff (pixelcanvas) 
[info] 
=== Hosting Setup
[debug] [2025-09-01T10:46:03.192Z] Checked if tokens are valid: true, expires at: 1756726582381
[debug] [2025-09-01T10:46:03.192Z] Checked if tokens are valid: true, expires at: 1756726582381
[debug] [2025-09-01T10:46:03.193Z] >>> [apiv2][query] GET https://firebase.googleapis.com/v1beta1/projects/pixelcanvas-808ff [none]
[debug] [2025-09-01T10:46:03.587Z] <<< [apiv2][status] GET https://firebase.googleapis.com/v1beta1/projects/pixelcanvas-808ff 200
[debug] [2025-09-01T10:46:03.587Z] <<< [apiv2][body] GET https://firebase.googleapis.com/v1beta1/projects/pixelcanvas-808ff {"projectId":"pixelcanvas-808ff","projectNumber":"797850387625","displayName":"pixelcanvas","name":"projects/pixelcanvas-808ff","resources":{"hostingSite":"pixelcanvas-808ff"},"state":"ACTIVE","etag":"1_12175386-43cc-46ba-9f4e-84a2bb591ac6"}
[info] 
[info] Your public directory is the folder (relative to your project directory) that
[info] will contain Hosting assets to be uploaded with firebase deploy. If you
[info] have a build process for your assets, use your build's output directory.
[info] 
[debug] [2025-09-01T10:46:07.941Z] >>> [apiv2][query] GET https://www.gstatic.com/firebasejs/releases.json [none]
[debug] [2025-09-01T10:46:08.325Z] <<< [apiv2][status] GET https://www.gstatic.com/firebasejs/releases.json 200
[debug] [2025-09-01T10:46:08.325Z] <<< [apiv2][body] GET https://www.gstatic.com/firebasejs/releases.json {"current":{"version":"12.2.1","browserURL":"https://www.gstatic.com/firebasejs/12.2.1/firebase.js","packageURL":"https://www.gstatic.com/firebasejs/12.2.1/firebase.tgz"},"live":{"version":"12.2","browserURL":"https://www.gstatic.com/firebasejs/live/12.2/firebase.js","packageURL":"https://www.gstatic.com/firebasejs/live/12.2/firebase.tgz"},"components":{"ai":"https://www.gstatic.com/firebasejs/12.2.1/firebase-ai.js","analytics":"https://www.gstatic.com/firebasejs/12.2.1/firebase-analytics.js","app":"https://www.gstatic.com/firebasejs/12.2.1/firebase-app.js","app-check":"https://www.gstatic.com/firebasejs/12.2.1/firebase-app-check.js","auth":"https://www.gstatic.com/firebasejs/12.2.1/firebase-auth.js","auth/cordova":"https://www.gstatic.com/firebasejs/12.2.1/firebase-auth/cordova.js","auth/web-extension":"https://www.gstatic.com/firebasejs/12.2.1/firebase-auth/web-extension.js","functions":"https://www.gstatic.com/firebasejs/12.2.1/firebase-functions.js","firestore":"https://www.gstatic.com/firebasejs/12.2.1/firebase-firestore.js","firestore/lite":"https://www.gstatic.com/firebasejs/12.2.1/firebase-firestore/lite.js","installations":"https://www.gstatic.com/firebasejs/12.2.1/firebase-installations.js","storage":"https://www.gstatic.com/firebasejs/12.2.1/firebase-storage.js","performance":"https://www.gstatic.com/firebasejs/12.2.1/firebase-performance.js","remote-config":"https://www.gstatic.com/firebasejs/12.2.1/firebase-remote-config.js","messaging":"https://www.gstatic.com/firebasejs/12.2.1/firebase-messaging.js","messaging/sw":"https://www.gstatic.com/firebasejs/12.2.1/firebase-messaging/sw.js","database":"https://www.gstatic.com/firebasejs/12.2.1/firebase-database.js","data-connect":"https://www.gstatic.com/firebasejs/12.2.1/firebase-data-connect.js","firestore.memory":"https://www.gstatic.com/firebasejs/12.2.1/firebase-firestore.memory.js"}}
[info] +  Wrote public/index.html 
[info] 
[info] i  Didn't detect a .git folder. Assuming C:\Users\naathu\Desktop\maain\pixelcanvas_full\pixelcanvas_full is the project root. 
[info] i  Authorizing with GitHub to upload your service account to a GitHub repository's secrets store. 
[info] 
[info] Visit this URL on this device to log in:
[info] https://github.com/login/oauth/authorize?client_id=89cf50f02ac6aaed3484&state=310292091&redirect_uri=http%3A%2F%2Flocalhost%3A9005&scope=read%3Auser%20repo%20public_repo
[info] 
[info] Waiting for authentication...
